Checking if remote manifest is accessible...
Getting manifests from remote server...

Found C:/Users/sadma/.modustoolbox/manifest.loc
Found user super-manifest(s):
https://git.doit.wisc.edu/engr/ece/cmpe_courses/ece-353-public-share/ece-353-mtb-super-manifest/-/raw/main/ece-353-mtb-super-manifest.xml
Processing super-manifest https://git.doit.wisc.edu/engr/ece/cmpe_courses/ece-353-public-share/ece-353-mtb-super-manifest/-/raw/main/ece-353-mtb-super-manifest.xml...
Premature end of document.
Processing super-manifest https://modustoolbox.infineon.com/manifests/mtb-super-manifest/v2.X/mtb-super-manifest-fv2.xml...
One or more elements/attributes was ignored from manifest https://github.com/Infineon/mtb-mw-manifest/raw/v2.X/mtb-mw-manifest-fv2.xml. Run using the --verbose flag for additional details.
Successfully acquired the information.
Reading project (D:/ECE353/ece353/ece353-mtb-msakib-submit-app) information...
Successfully acquired project information.
Reading project (D:/ECE353/ece353/ece353-mtb-team09-submit-app) information...
Successfully acquired project information.

Click "Update" to make these changes on the project:

freertos: add https://github.com/cypresssemiconductorco/freertos 10.5.002 release shared
abstraction-rtos: add https://github.com/cypresssemiconductorco/abstraction-rtos 1.7.6 release shared (required by "freertos release-v10.5.002")
clib-support: add https://github.com/cypresssemiconductorco/clib-support 1.4.2 release shared (required by "freertos release-v10.5.002")
INFO - Warning: Multiple versions of "core-make" requested. Keeping version "latest-v1.X" and discarding version "release-v1.9.0".
Updating project...
D:/ECE353/ece353/ece353-mtb-team09-submit-app/libs/abstraction-rtos.mtb was added
D:/ECE353/ece353/ece353-mtb-team09-submit-app/libs/clib-support.mtb was added
D:/ECE353/ece353/ece353-mtb-team09-submit-app/deps/freertos.mtb was added
Running "make getlibs"...
D:/ModusToolbox/tools_2.4/modus-shell/bin/make.exe getlibs CY_TOOLS_PATHS=D:/ModusToolbox/tools_2.4 QUICK_MODE=1
Tools Directory: D:/ModusToolbox/tools_2.4
ECE353-BSP.mk: ./libs/TARGET_ECE353-BSP/ECE353_BSP.mk

==============================================================================
= Importing libraries =
==============================================================================
Git is git version 2.33.0, found at /usr/bin/git

Searching application directory (.mtb)...
Found 12 .mtb file(s)
    Processing file "D:/ECE353/ece353/ece353-mtb-team09-submit-app/deps/TARGET_ECE353-BSP.mtb"
warning: redirecting to https://git.doit.wisc.edu/engr/ece/cmpe_courses/ece-353-public-share/TARGET_ECE353-BSP.git/
WARNING: Uncommitted/Untracked files detected in "/cygdrive/d/ECE353/ece353/ece353-mtb-team09-submit-app/libs/TARGET_ECE353-BSP".
        Save your work in source control before updating this library.
        Skipping current reference...
    Processing file "D:/ECE353/ece353/ece353-mtb-team09-submit-app/deps/freertos.mtb"
    Processing file "D:/ECE353/ece353/ece353-mtb-team09-submit-app/deps/retarget-io.mtb"
    Processing file "D:/ECE353/ece353/ece353-mtb-team09-submit-app/libs/abstraction-rtos.mtb"
    Processing file "D:/ECE353/ece353/ece353-mtb-team09-submit-app/libs/capsense.mtb"
    Processing file "D:/ECE353/ece353/ece353-mtb-team09-submit-app/libs/clib-support.mtb"
    Processing file "D:/ECE353/ece353/ece353-mtb-team09-submit-app/libs/core-lib.mtb"
    Processing file "D:/ECE353/ece353/ece353-mtb-team09-submit-app/libs/core-make.mtb"
    Processing file "D:/ECE353/ece353/ece353-mtb-team09-submit-app/libs/mtb-hal-cat1.mtb"
    Processing file "D:/ECE353/ece353/ece353-mtb-team09-submit-app/libs/mtb-pdl-cat1.mtb"
    Processing file "D:/ECE353/ece353/ece353-mtb-team09-submit-app/libs/psoc6cm0p.mtb"
    Processing file "D:/ECE353/ece353/ece353-mtb-team09-submit-app/libs/recipe-make-cat1a.mtb"
Libraries processed.
Created file "D:/ECE353/ece353/ece353-mtb-team09-submit-app/libs/mtb.mk".


==============================================================================
WARNING: Uncommitted/Untracked files detected in "/cygdrive/d/ECE353/ece353/ece353-mtb-team09-submit-app/libs/TARGET_ECE353-BSP".
        Save your work in source control before updating this library.
        Skipping current reference...

==============================================================================
= Import complete =
==============================================================================

==============================================================================

Successfully updated the project.

==============================================================================


Reading project (D:/ECE353/ece353/ece353-mtb-team09-submit-app) information...
Successfully acquired project information.
